# JRE version: OpenJDK Runtime Environment Temurin-21.0.7+6 (21.0.7+6) (build 21.0.7+6-LTS)
# Java VM: OpenJDK 64-Bit Server VM Temurin-21.0.7+6 (21.0.7+6-LTS, mixed mode, emulated-client, sharing, tiered, compressed oops, compressed class ptrs, g1 gc, windows-amd64)
GC Precious Log:
 CardTable entry size: 512
 Card Set container configuration: InlinePtr #cards 5 size 8 Array Of Cards #cards 12 size 40 Howl #buckets 4 coarsen threshold 1843 Howl Bitmap #cards 512 size 80 coarsen threshold 460 Card regions per heap region 1 cards per card region 2048
 CPUs: 8 total, 8 available
 Memory: 7914M
 Large Page Support: Disabled
 NUMA Support: Disabled
 Compressed Oops: Enabled (32-bit)
 Heap Region Size: 1M
 Heap Min Capacity: 8M
 Heap Initial Capacity: 124M
 Heap Max Capacity: 1980M
 Pre-touch: Disabled
 Parallel Workers: 8
 Concurrent Workers: 2
 Concurrent Refinement Workers: 8
 Periodic GC: Disabled
Heap:
 garbage-first heap   total 87040K, used 33041K [0x0000000084400000, 0x0000000100000000)
  region size 1024K, 9 young (9216K), 6 survivors (6144K)
 Metaspace       used 77206K, committed 78016K, reserved 1179648K
  class space    used 10708K, committed 11072K, reserved 1048576K
GC Heap History (20 events):
Event: 92404.278 GC heap before
{Heap before GC invocations=82 (full 0):
 garbage-first heap   total 86016K, used 77445K [0x0000000084400000, 0x0000000100000000)
  region size 1024K, 50 young (51200K), 2 survivors (2048K)
 Metaspace       used 76348K, committed 77184K, reserved 1179648K
  class space    used 10571K, committed 10944K, reserved 1048576K
}
Event: 92404.294 GC heap after
{Heap after GC invocations=83 (full 0):
 garbage-first heap   total 86016K, used 28915K [0x0000000084400000, 0x0000000100000000)
  region size 1024K, 2 young (2048K), 2 survivors (2048K)
 Metaspace       used 76348K, committed 77184K, reserved 1179648K
  class space    used 10571K, committed 10944K, reserved 1048576K
}
Event: 92491.863 GC heap before
{Heap before GC invocations=83 (full 0):
 garbage-first heap   total 86016K, used 77043K [0x0000000084400000, 0x0000000100000000)
  region size 1024K, 50 young (51200K), 2 survivors (2048K)
 Metaspace       used 76348K, committed 77184K, reserved 1179648K
  class space    used 10571K, committed 10944K, reserved 1048576K
}
Event: 92491.876 GC heap after
{Heap after GC invocations=84 (full 0):
 garbage-first heap   total 86016K, used 29054K [0x0000000084400000, 0x0000000100000000)
  region size 1024K, 2 young (2048K), 2 survivors (2048K)
 Metaspace       used 76348K, committed 77184K, reserved 1179648K
  class space    used 10571K, committed 10944K, reserved 1048576K
}
Event: 92682.515 GC heap before
{Heap before GC invocations=85 (full 0):
 garbage-first heap   total 86016K, used 77182K [0x0000000084400000, 0x0000000100000000)
  region size 1024K, 50 young (51200K), 2 survivors (2048K)
 Metaspace       used 76339K, committed 77184K, reserved 1179648K
  class space    used 10568K, committed 10944K, reserved 1048576K
}
Event: 92682.520 GC heap after
{Heap after GC invocations=86 (full 0):
 garbage-first heap   total 86016K, used 28308K [0x0000000084400000, 0x0000000100000000)
  region size 1024K, 1 young (1024K), 1 survivors (1024K)
 Metaspace       used 76339K, committed 77184K, reserved 1179648K
  class space    used 10568K, committed 10944K, reserved 1048576K
}
Event: 94413.780 GC heap before
{Heap before GC invocations=86 (full 0):
 garbage-first heap   total 86016K, used 78484K [0x0000000084400000, 0x0000000100000000)
  region size 1024K, 50 young (51200K), 1 survivors (1024K)
 Metaspace       used 76351K, committed 77184K, reserved 1179648K
  class space    used 10570K, committed 10944K, reserved 1048576K
}
Event: 94413.823 GC heap after
{Heap after GC invocations=87 (full 0):
 garbage-first heap   total 86016K, used 28362K [0x0000000084400000, 0x0000000100000000)
  region size 1024K, 2 young (2048K), 2 survivors (2048K)
 Metaspace       used 76351K, committed 77184K, reserved 1179648K
  class space    used 10570K, committed 10944K, reserved 1048576K
}
Event: 94497.767 GC heap before
{Heap before GC invocations=87 (full 0):
 garbage-first heap   total 86016K, used 32458K [0x0000000084400000, 0x0000000100000000)
  region size 1024K, 7 young (7168K), 2 survivors (2048K)
 Metaspace       used 76540K, committed 77248K, reserved 1179648K
  class space    used 10618K, committed 10944K, reserved 1048576K
}
Event: 94497.944 GC heap after
{Heap after GC invocations=88 (full 1):
 garbage-first heap   total 86016K, used 24508K [0x0000000084400000, 0x0000000100000000)
  region size 1024K, 0 young (0K), 0 survivors (0K)
 Metaspace       used 76507K, committed 77248K, reserved 1179648K
  class space    used 10611K, committed 10944K, reserved 1048576K
}
Event: 94498.840 GC heap before
{Heap before GC invocations=88 (full 1):
 garbage-first heap   total 86016K, used 55228K [0x0000000084400000, 0x0000000100000000)
  region size 1024K, 32 young (32768K), 0 survivors (0K)
 Metaspace       used 76648K, committed 77440K, reserved 1179648K
  class space    used 10643K, committed 11008K, reserved 1048576K
}
Event: 94498.844 GC heap after
{Heap after GC invocations=89 (full 1):
 garbage-first heap   total 86016K, used 28558K [0x0000000084400000, 0x0000000100000000)
  region size 1024K, 4 young (4096K), 4 survivors (4096K)
 Metaspace       used 76648K, committed 77440K, reserved 1179648K
  class space    used 10643K, committed 11008K, reserved 1048576K
}
Event: 94506.301 GC heap before
{Heap before GC invocations=90 (full 1):
 garbage-first heap   total 86016K, used 72590K [0x0000000084400000, 0x0000000100000000)
  region size 1024K, 48 young (49152K), 4 survivors (4096K)
 Metaspace       used 76946K, committed 77760K, reserved 1179648K
  class space    used 10680K, committed 11072K, reserved 1048576K
}
Event: 94506.324 GC heap after
{Heap after GC invocations=91 (full 1):
 garbage-first heap   total 87040K, used 33584K [0x0000000084400000, 0x0000000100000000)
  region size 1024K, 6 young (6144K), 6 survivors (6144K)
 Metaspace       used 76946K, committed 77760K, reserved 1179648K
  class space    used 10680K, committed 11072K, reserved 1048576K
}
Event: 95443.211 GC heap before
{Heap before GC invocations=91 (full 1):
 garbage-first heap   total 87040K, used 70448K [0x0000000084400000, 0x0000000100000000)
  region size 1024K, 43 young (44032K), 6 survivors (6144K)
 Metaspace       used 77181K, committed 77952K, reserved 1179648K
  class space    used 10718K, committed 11072K, reserved 1048576K
}
Event: 95443.257 GC heap after
{Heap after GC invocations=92 (full 1):
 garbage-first heap   total 87040K, used 34385K [0x0000000084400000, 0x0000000100000000)
  region size 1024K, 2 young (2048K), 2 survivors (2048K)
 Metaspace       used 77181K, committed 77952K, reserved 1179648K
  class space    used 10718K, committed 11072K, reserved 1048576K
}
Event: 96156.631 GC heap before
{Heap before GC invocations=92 (full 1):
 garbage-first heap   total 87040K, used 55889K [0x0000000084400000, 0x0000000100000000)
  region size 1024K, 24 young (24576K), 2 survivors (2048K)
 Metaspace       used 77187K, committed 77952K, reserved 1179648K
  class space    used 10719K, committed 11072K, reserved 1048576K
}
Event: 96156.798 GC heap after
{Heap after GC invocations=93 (full 2):
 garbage-first heap   total 87040K, used 25411K [0x0000000084400000, 0x0000000100000000)
  region size 1024K, 0 young (0K), 0 survivors (0K)
 Metaspace       used 76941K, committed 77952K, reserved 1179648K
  class space    used 10655K, committed 11072K, reserved 1048576K
}
Event: 96158.566 GC heap before
{Heap before GC invocations=93 (full 2):
 garbage-first heap   total 87040K, used 72515K [0x0000000084400000, 0x0000000100000000)
  region size 1024K, 47 young (48128K), 0 survivors (0K)
 Metaspace       used 77183K, committed 78016K, reserved 1179648K
  class space    used 10706K, committed 11072K, reserved 1048576K
}
Event: 96158.573 GC heap after
{Heap after GC invocations=94 (full 2):
 garbage-first heap   total 87040K, used 30993K [0x0000000084400000, 0x0000000100000000)
  region size 1024K, 6 young (6144K), 6 survivors (6144K)
 Metaspace       used 77183K, committed 78016K, reserved 1179648K
  class space    used 10706K, committed 11072K, reserved 1048576K
}

