# JRE version: OpenJDK Runtime Environment Temurin-21.0.7+6 (21.0.7+6) (build 21.0.7+6-LTS)
# Java VM: OpenJDK 64-Bit Server VM Temurin-21.0.7+6 (21.0.7+6-LTS, mixed mode, emulated-client, sharing, tiered, compressed oops, compressed class ptrs, g1 gc, windows-amd64)
GC Precious Log:
 CardTable entry size: 512
 Card Set container configuration: InlinePtr #cards 5 size 8 Array Of Cards #cards 12 size 40 Howl #buckets 4 coarsen threshold 1843 Howl Bitmap #cards 512 size 80 coarsen threshold 460 Card regions per heap region 1 cards per card region 2048
 CPUs: 8 total, 8 available
 Memory: 7914M
 Large Page Support: Disabled
 NUMA Support: Disabled
 Compressed Oops: Enabled (32-bit)
 Heap Region Size: 1M
 Heap Min Capacity: 8M
 Heap Initial Capacity: 124M
 Heap Max Capacity: 1980M
 Pre-touch: Disabled
 Parallel Workers: 8
 Concurrent Workers: 2
 Concurrent Refinement Workers: 8
 Periodic GC: Disabled
Heap:
 garbage-first heap   total 92160K, used 60070K [0x0000000084400000, 0x0000000100000000)
  region size 1024K, 27 young (27648K), 5 survivors (5120K)
 Metaspace       used 75263K, committed 76032K, reserved 1114112K
  class space    used 10324K, committed 10688K, reserved 1048576K
GC Heap History (20 events):
Event: 521.979 GC heap after
{Heap after GC invocations=28 (full 2):
 garbage-first heap   total 92160K, used 24510K [0x0000000084400000, 0x0000000100000000)
  region size 1024K, 0 young (0K), 0 survivors (0K)
 Metaspace       used 73666K, committed 74944K, reserved 1114112K
  class space    used 10173K, committed 10688K, reserved 1048576K
}
Event: 524.279 GC heap before
{Heap before GC invocations=28 (full 2):
 garbage-first heap   total 92160K, used 78782K [0x0000000084400000, 0x0000000100000000)
  region size 1024K, 54 young (55296K), 0 survivors (0K)
 Metaspace       used 74078K, committed 75008K, reserved 1114112K
  class space    used 10238K, committed 10688K, reserved 1048576K
}
Event: 524.286 GC heap after
{Heap after GC invocations=29 (full 2):
 garbage-first heap   total 92160K, used 31352K [0x0000000084400000, 0x0000000100000000)
  region size 1024K, 7 young (7168K), 7 survivors (7168K)
 Metaspace       used 74078K, committed 75008K, reserved 1114112K
  class space    used 10238K, committed 10688K, reserved 1048576K
}
Event: 977.032 GC heap before
{Heap before GC invocations=29 (full 2):
 garbage-first heap   total 92160K, used 57976K [0x0000000084400000, 0x0000000100000000)
  region size 1024K, 35 young (35840K), 7 survivors (7168K)
 Metaspace       used 74188K, committed 75008K, reserved 1114112K
  class space    used 10257K, committed 10688K, reserved 1048576K
}
Event: 977.124 GC heap after
{Heap after GC invocations=30 (full 3):
 garbage-first heap   total 92160K, used 30971K [0x0000000084400000, 0x0000000100000000)
  region size 1024K, 0 young (0K), 0 survivors (0K)
 Metaspace       used 74188K, committed 75008K, reserved 1114112K
  class space    used 10257K, committed 10688K, reserved 1048576K
}
Event: 977.921 GC heap before
{Heap before GC invocations=30 (full 3):
 garbage-first heap   total 92160K, used 77051K [0x0000000084400000, 0x0000000100000000)
  region size 1024K, 46 young (47104K), 0 survivors (0K)
 Metaspace       used 74380K, committed 75136K, reserved 1114112K
  class space    used 10278K, committed 10688K, reserved 1048576K
}
Event: 977.929 GC heap after
{Heap after GC invocations=31 (full 3):
 garbage-first heap   total 92160K, used 35707K [0x0000000084400000, 0x0000000100000000)
  region size 1024K, 5 young (5120K), 5 survivors (5120K)
 Metaspace       used 74380K, committed 75136K, reserved 1114112K
  class space    used 10278K, committed 10688K, reserved 1048576K
}
Event: 1101.475 GC heap before
{Heap before GC invocations=32 (full 3):
 garbage-first heap   total 92160K, used 56187K [0x0000000084400000, 0x0000000100000000)
  region size 1024K, 26 young (26624K), 5 survivors (5120K)
 Metaspace       used 74321K, committed 75200K, reserved 1114112K
  class space    used 10245K, committed 10688K, reserved 1048576K
}
Event: 1101.525 GC heap after
{Heap after GC invocations=33 (full 4):
 garbage-first heap   total 92160K, used 32556K [0x0000000084400000, 0x0000000100000000)
  region size 1024K, 0 young (0K), 0 survivors (0K)
 Metaspace       used 74321K, committed 75200K, reserved 1114112K
  class space    used 10245K, committed 10688K, reserved 1048576K
}
Event: 1101.994 GC heap before
{Heap before GC invocations=33 (full 4):
 garbage-first heap   total 92160K, used 76588K [0x0000000084400000, 0x0000000100000000)
  region size 1024K, 44 young (45056K), 0 survivors (0K)
 Metaspace       used 74435K, committed 75264K, reserved 1114112K
  class space    used 10261K, committed 10688K, reserved 1048576K
}
Event: 1101.998 GC heap after
{Heap after GC invocations=34 (full 4):
 garbage-first heap   total 92160K, used 37310K [0x0000000084400000, 0x0000000100000000)
  region size 1024K, 5 young (5120K), 5 survivors (5120K)
 Metaspace       used 74435K, committed 75264K, reserved 1114112K
  class space    used 10261K, committed 10688K, reserved 1048576K
}
Event: 1127.988 GC heap before
{Heap before GC invocations=34 (full 4):
 garbage-first heap   total 92160K, used 57790K [0x0000000084400000, 0x0000000100000000)
  region size 1024K, 26 young (26624K), 5 survivors (5120K)
 Metaspace       used 74628K, committed 75456K, reserved 1114112K
  class space    used 10271K, committed 10688K, reserved 1048576K
}
Event: 1128.033 GC heap after
{Heap after GC invocations=35 (full 5):
 garbage-first heap   total 92160K, used 32667K [0x0000000084400000, 0x0000000100000000)
  region size 1024K, 0 young (0K), 0 survivors (0K)
 Metaspace       used 74617K, committed 75456K, reserved 1114112K
  class space    used 10268K, committed 10688K, reserved 1048576K
}
Event: 1128.624 GC heap before
{Heap before GC invocations=35 (full 5):
 garbage-first heap   total 92160K, used 76699K [0x0000000084400000, 0x0000000100000000)
  region size 1024K, 44 young (45056K), 0 survivors (0K)
 Metaspace       used 74741K, committed 75520K, reserved 1114112K
  class space    used 10286K, committed 10688K, reserved 1048576K
}
Event: 1128.629 GC heap after
{Heap after GC invocations=36 (full 5):
 garbage-first heap   total 92160K, used 37079K [0x0000000084400000, 0x0000000100000000)
  region size 1024K, 5 young (5120K), 5 survivors (5120K)
 Metaspace       used 74741K, committed 75520K, reserved 1114112K
  class space    used 10286K, committed 10688K, reserved 1048576K
}
Event: 1280.111 GC heap before
{Heap before GC invocations=36 (full 5):
 garbage-first heap   total 92160K, used 59607K [0x0000000084400000, 0x0000000100000000)
  region size 1024K, 29 young (29696K), 5 survivors (5120K)
 Metaspace       used 74945K, committed 75712K, reserved 1114112K
  class space    used 10300K, committed 10688K, reserved 1048576K
}
Event: 1280.211 GC heap after
{Heap after GC invocations=37 (full 6):
 garbage-first heap   total 92160K, used 33955K [0x0000000084400000, 0x0000000100000000)
  region size 1024K, 0 young (0K), 0 survivors (0K)
 Metaspace       used 74942K, committed 75712K, reserved 1114112K
  class space    used 10300K, committed 10688K, reserved 1048576K
}
Event: 1281.304 GC heap before
{Heap before GC invocations=37 (full 6):
 garbage-first heap   total 92160K, used 76963K [0x0000000084400000, 0x0000000100000000)
  region size 1024K, 43 young (44032K), 0 survivors (0K)
 Metaspace       used 75048K, committed 75776K, reserved 1114112K
  class space    used 10314K, committed 10688K, reserved 1048576K
}
Event: 1281.308 GC heap after
{Heap after GC invocations=38 (full 6):
 garbage-first heap   total 92160K, used 38255K [0x0000000084400000, 0x0000000100000000)
  region size 1024K, 5 young (5120K), 5 survivors (5120K)
 Metaspace       used 75048K, committed 75776K, reserved 1114112K
  class space    used 10314K, committed 10688K, reserved 1048576K
}
Event: 1308.552 GC heap before
{Heap before GC invocations=38 (full 6):
 garbage-first heap   total 92160K, used 59759K [0x0000000084400000, 0x0000000100000000)
  region size 1024K, 27 young (27648K), 5 survivors (5120K)
 Metaspace       used 75263K, committed 76032K, reserved 1114112K
  class space    used 10324K, committed 10688K, reserved 1048576K
}

