# JRE version: OpenJDK Runtime Environment Temurin-21.0.7+6 (21.0.7+6) (build 21.0.7+6-LTS)
# Java VM: OpenJDK 64-Bit Server VM Temurin-21.0.7+6 (21.0.7+6-LTS, mixed mode, emulated-client, sharing, tiered, compressed oops, compressed class ptrs, g1 gc, windows-amd64)
GC Precious Log:
 CardTable entry size: 512
 Card Set container configuration: InlinePtr #cards 5 size 8 Array Of Cards #cards 12 size 40 Howl #buckets 4 coarsen threshold 1843 Howl Bitmap #cards 512 size 80 coarsen threshold 460 Card regions per heap region 1 cards per card region 2048
 CPUs: 8 total, 8 available
 Memory: 7914M
 Large Page Support: Disabled
 NUMA Support: Disabled
 Compressed Oops: Enabled (32-bit)
 Heap Region Size: 1M
 Heap Min Capacity: 8M
 Heap Initial Capacity: 124M
 Heap Max Capacity: 1980M
 Pre-touch: Disabled
 Parallel Workers: 8
 Concurrent Workers: 2
 Concurrent Refinement Workers: 8
 Periodic GC: Disabled
Heap:
 garbage-first heap   total 84992K, used 66927K [0x0000000084400000, 0x0000000100000000)
  region size 1024K, 41 young (41984K), 6 survivors (6144K)
 Metaspace       used 81640K, committed 82560K, reserved 1179648K
  class space    used 11116K, committed 11520K, reserved 1048576K
GC Heap History (20 events):
Event: 6214.870 GC heap before
{Heap before GC invocations=58 (full 8):
 garbage-first heap   total 84992K, used 71343K [0x0000000084400000, 0x0000000100000000)
  region size 1024K, 42 young (43008K), 0 survivors (0K)
 Metaspace       used 79111K, committed 79872K, reserved 1179648K
  class space    used 10853K, committed 11200K, reserved 1048576K
}
Event: 6214.875 GC heap after
{Heap after GC invocations=59 (full 8):
 garbage-first heap   total 84992K, used 33552K [0x0000000084400000, 0x0000000100000000)
  region size 1024K, 5 young (5120K), 5 survivors (5120K)
 Metaspace       used 79111K, committed 79872K, reserved 1179648K
  class space    used 10853K, committed 11200K, reserved 1048576K
}
Event: 6416.850 GC heap before
{Heap before GC invocations=60 (full 8):
 garbage-first heap   total 84992K, used 65296K [0x0000000084400000, 0x0000000100000000)
  region size 1024K, 38 young (38912K), 5 survivors (5120K)
 Metaspace       used 79355K, committed 80064K, reserved 1179648K
  class space    used 10866K, committed 11200K, reserved 1048576K
}
Event: 6416.897 GC heap after
{Heap after GC invocations=61 (full 9):
 garbage-first heap   total 84992K, used 28789K [0x0000000084400000, 0x0000000100000000)
  region size 1024K, 0 young (0K), 0 survivors (0K)
 Metaspace       used 79351K, committed 80064K, reserved 1179648K
  class space    used 10865K, committed 11200K, reserved 1048576K
}
Event: 6417.315 GC heap before
{Heap before GC invocations=61 (full 9):
 garbage-first heap   total 84992K, used 70773K [0x0000000084400000, 0x0000000100000000)
  region size 1024K, 42 young (43008K), 0 survivors (0K)
 Metaspace       used 79456K, committed 80192K, reserved 1179648K
  class space    used 10882K, committed 11200K, reserved 1048576K
}
Event: 6417.320 GC heap after
{Heap after GC invocations=62 (full 9):
 garbage-first heap   total 84992K, used 32982K [0x0000000084400000, 0x0000000100000000)
  region size 1024K, 5 young (5120K), 5 survivors (5120K)
 Metaspace       used 79456K, committed 80192K, reserved 1179648K
  class space    used 10882K, committed 11200K, reserved 1048576K
}
Event: 6675.231 GC heap before
{Heap before GC invocations=63 (full 9):
 garbage-first heap   total 84992K, used 67798K [0x0000000084400000, 0x0000000100000000)
  region size 1024K, 41 young (41984K), 5 survivors (5120K)
 Metaspace       used 79751K, committed 80512K, reserved 1179648K
  class space    used 10904K, committed 11264K, reserved 1048576K
}
Event: 6675.279 GC heap after
{Heap after GC invocations=64 (full 10):
 garbage-first heap   total 84992K, used 28648K [0x0000000084400000, 0x0000000100000000)
  region size 1024K, 0 young (0K), 0 survivors (0K)
 Metaspace       used 79749K, committed 80512K, reserved 1179648K
  class space    used 10904K, committed 11264K, reserved 1048576K
}
Event: 6675.640 GC heap before
{Heap before GC invocations=64 (full 10):
 garbage-first heap   total 84992K, used 70632K [0x0000000084400000, 0x0000000100000000)
  region size 1024K, 42 young (43008K), 0 survivors (0K)
 Metaspace       used 79851K, committed 80576K, reserved 1179648K
  class space    used 10919K, committed 11264K, reserved 1048576K
}
Event: 6675.644 GC heap after
{Heap after GC invocations=65 (full 10):
 garbage-first heap   total 84992K, used 32840K [0x0000000084400000, 0x0000000100000000)
  region size 1024K, 5 young (5120K), 5 survivors (5120K)
 Metaspace       used 79851K, committed 80576K, reserved 1179648K
  class space    used 10919K, committed 11264K, reserved 1048576K
}
Event: 6847.203 GC heap before
{Heap before GC invocations=66 (full 10):
 garbage-first heap   total 84992K, used 64584K [0x0000000084400000, 0x0000000100000000)
  region size 1024K, 38 young (38912K), 5 survivors (5120K)
 Metaspace       used 80172K, committed 80896K, reserved 1179648K
  class space    used 10937K, committed 11264K, reserved 1048576K
}
Event: 6847.260 GC heap after
{Heap after GC invocations=67 (full 11):
 garbage-first heap   total 84992K, used 28760K [0x0000000084400000, 0x0000000100000000)
  region size 1024K, 0 young (0K), 0 survivors (0K)
 Metaspace       used 80169K, committed 80896K, reserved 1179648K
  class space    used 10937K, committed 11264K, reserved 1048576K
}
Event: 6847.666 GC heap before
{Heap before GC invocations=67 (full 11):
 garbage-first heap   total 84992K, used 70744K [0x0000000084400000, 0x0000000100000000)
  region size 1024K, 42 young (43008K), 0 survivors (0K)
 Metaspace       used 80261K, committed 81088K, reserved 1179648K
  class space    used 10950K, committed 11328K, reserved 1048576K
}
Event: 6847.671 GC heap after
{Heap after GC invocations=68 (full 11):
 garbage-first heap   total 84992K, used 32953K [0x0000000084400000, 0x0000000100000000)
  region size 1024K, 5 young (5120K), 5 survivors (5120K)
 Metaspace       used 80261K, committed 81088K, reserved 1179648K
  class space    used 10950K, committed 11328K, reserved 1048576K
}
Event: 6916.841 GC heap before
{Heap before GC invocations=69 (full 11):
 garbage-first heap   total 84992K, used 69817K [0x0000000084400000, 0x0000000100000000)
  region size 1024K, 42 young (43008K), 5 survivors (5120K)
 Metaspace       used 81026K, committed 81920K, reserved 1179648K
  class space    used 11050K, committed 11456K, reserved 1048576K
}
Event: 6916.859 GC heap after
{Heap after GC invocations=70 (full 11):
 garbage-first heap   total 84992K, used 35510K [0x0000000084400000, 0x0000000100000000)
  region size 1024K, 4 young (4096K), 4 survivors (4096K)
 Metaspace       used 81026K, committed 81920K, reserved 1179648K
  class space    used 11050K, committed 11456K, reserved 1048576K
}
Event: 6963.539 GC heap before
{Heap before GC invocations=70 (full 11):
 garbage-first heap   total 84992K, used 37558K [0x0000000084400000, 0x0000000100000000)
  region size 1024K, 8 young (8192K), 4 survivors (4096K)
 Metaspace       used 81134K, committed 82048K, reserved 1179648K
  class space    used 11052K, committed 11456K, reserved 1048576K
}
Event: 6963.589 GC heap after
{Heap after GC invocations=71 (full 12):
 garbage-first heap   total 84992K, used 26296K [0x0000000084400000, 0x0000000100000000)
  region size 1024K, 0 young (0K), 0 survivors (0K)
 Metaspace       used 81036K, committed 82048K, reserved 1179648K
  class space    used 11027K, committed 11456K, reserved 1048576K
}
Event: 6964.359 GC heap before
{Heap before GC invocations=71 (full 12):
 garbage-first heap   total 84992K, used 69304K [0x0000000084400000, 0x0000000100000000)
  region size 1024K, 43 young (44032K), 0 survivors (0K)
 Metaspace       used 81245K, committed 82112K, reserved 1179648K
  class space    used 11072K, committed 11456K, reserved 1048576K
}
Event: 6964.368 GC heap after
{Heap after GC invocations=72 (full 12):
 garbage-first heap   total 84992K, used 32111K [0x0000000084400000, 0x0000000100000000)
  region size 1024K, 6 young (6144K), 6 survivors (6144K)
 Metaspace       used 81245K, committed 82112K, reserved 1179648K
  class space    used 11072K, committed 11456K, reserved 1048576K
}

