# JRE version: OpenJDK Runtime Environment Temurin-21.0.7+6 (21.0.7+6) (build 21.0.7+6-LTS)
# Java VM: OpenJDK 64-Bit Server VM Temurin-21.0.7+6 (21.0.7+6-LTS, mixed mode, emulated-client, sharing, tiered, compressed oops, compressed class ptrs, g1 gc, windows-amd64)
GC Precious Log:
 CardTable entry size: 512
 Card Set container configuration: InlinePtr #cards 5 size 8 Array Of Cards #cards 12 size 40 Howl #buckets 4 coarsen threshold 1843 Howl Bitmap #cards 512 size 80 coarsen threshold 460 Card regions per heap region 1 cards per card region 2048
 CPUs: 8 total, 8 available
 Memory: 7914M
 Large Page Support: Disabled
 NUMA Support: Disabled
 Compressed Oops: Enabled (32-bit)
 Heap Region Size: 1M
 Heap Min Capacity: 8M
 Heap Initial Capacity: 124M
 Heap Max Capacity: 1980M
 Pre-touch: Disabled
 Parallel Workers: 8
 Concurrent Workers: 2
 Concurrent Refinement Workers: 8
 Periodic GC: Disabled
Heap:
 garbage-first heap   total 89088K, used 75611K [0x0000000084400000, 0x0000000100000000)
  region size 1024K, 52 young (53248K), 5 survivors (5120K)
 Metaspace       used 75705K, committed 76416K, reserved 1179648K
  class space    used 10377K, committed 10752K, reserved 1048576K
GC Heap History (20 events):
Event: 1810.056 GC heap after
{Heap after GC invocations=26 (full 1):
 garbage-first heap   total 89088K, used 33203K [0x0000000084400000, 0x0000000100000000)
  region size 1024K, 4 young (4096K), 4 survivors (4096K)
 Metaspace       used 74651K, committed 75456K, reserved 1114112K
  class space    used 10304K, committed 10688K, reserved 1048576K
}
Event: 2949.997 GC heap before
{Heap before GC invocations=26 (full 1):
 garbage-first heap   total 89088K, used 65971K [0x0000000084400000, 0x0000000100000000)
  region size 1024K, 37 young (37888K), 4 survivors (4096K)
 Metaspace       used 74655K, committed 75456K, reserved 1114112K
  class space    used 10305K, committed 10688K, reserved 1048576K
}
Event: 2950.464 GC heap after
{Heap after GC invocations=27 (full 2):
 garbage-first heap   total 89088K, used 24685K [0x0000000084400000, 0x0000000100000000)
  region size 1024K, 0 young (0K), 0 survivors (0K)
 Metaspace       used 74430K, committed 75456K, reserved 1114112K
  class space    used 10246K, committed 10688K, reserved 1048576K
}
Event: 2953.238 GC heap before
{Heap before GC invocations=27 (full 2):
 garbage-first heap   total 89088K, used 74861K [0x0000000084400000, 0x0000000100000000)
  region size 1024K, 50 young (51200K), 0 survivors (0K)
 Metaspace       used 74740K, committed 75520K, reserved 1114112K
  class space    used 10300K, committed 10688K, reserved 1048576K
}
Event: 2953.254 GC heap after
{Heap after GC invocations=28 (full 2):
 garbage-first heap   total 89088K, used 31083K [0x0000000084400000, 0x0000000100000000)
  region size 1024K, 7 young (7168K), 7 survivors (7168K)
 Metaspace       used 74740K, committed 75520K, reserved 1114112K
  class space    used 10300K, committed 10688K, reserved 1048576K
}
Event: 3174.261 GC heap before
{Heap before GC invocations=28 (full 2):
 garbage-first heap   total 89088K, used 58731K [0x0000000084400000, 0x0000000100000000)
  region size 1024K, 36 young (36864K), 7 survivors (7168K)
 Metaspace       used 74906K, committed 75648K, reserved 1114112K
  class space    used 10324K, committed 10688K, reserved 1048576K
}
Event: 3174.996 GC heap after
{Heap after GC invocations=29 (full 3):
 garbage-first heap   total 89088K, used 27810K [0x0000000084400000, 0x0000000100000000)
  region size 1024K, 0 young (0K), 0 survivors (0K)
 Metaspace       used 74843K, committed 75648K, reserved 1114112K
  class space    used 10309K, committed 10688K, reserved 1048576K
}
Event: 3176.439 GC heap before
{Heap before GC invocations=29 (full 3):
 garbage-first heap   total 89088K, used 73890K [0x0000000084400000, 0x0000000100000000)
  region size 1024K, 46 young (47104K), 0 survivors (0K)
 Metaspace       used 75030K, committed 75840K, reserved 1114112K
  class space    used 10328K, committed 10752K, reserved 1048576K
}
Event: 3176.452 GC heap after
{Heap after GC invocations=30 (full 3):
 garbage-first heap   total 89088K, used 32671K [0x0000000084400000, 0x0000000100000000)
  region size 1024K, 5 young (5120K), 5 survivors (5120K)
 Metaspace       used 75030K, committed 75840K, reserved 1114112K
  class space    used 10328K, committed 10752K, reserved 1048576K
}
Event: 3231.863 GC heap before
{Heap before GC invocations=30 (full 3):
 garbage-first heap   total 89088K, used 51103K [0x0000000084400000, 0x0000000100000000)
  region size 1024K, 24 young (24576K), 5 survivors (5120K)
 Metaspace       used 75117K, committed 75904K, reserved 1114112K
  class space    used 10334K, committed 10752K, reserved 1048576K
}
Event: 3231.937 GC heap after
{Heap after GC invocations=31 (full 4):
 garbage-first heap   total 89088K, used 27193K [0x0000000084400000, 0x0000000100000000)
  region size 1024K, 0 young (0K), 0 survivors (0K)
 Metaspace       used 75005K, committed 75904K, reserved 1114112K
  class space    used 10305K, committed 10752K, reserved 1048576K
}
Event: 3233.255 GC heap before
{Heap before GC invocations=31 (full 4):
 garbage-first heap   total 89088K, used 74297K [0x0000000084400000, 0x0000000100000000)
  region size 1024K, 47 young (48128K), 0 survivors (0K)
 Metaspace       used 75233K, committed 76032K, reserved 1114112K
  class space    used 10327K, committed 10752K, reserved 1048576K
}
Event: 3233.260 GC heap after
{Heap after GC invocations=32 (full 4):
 garbage-first heap   total 89088K, used 31949K [0x0000000084400000, 0x0000000100000000)
  region size 1024K, 5 young (5120K), 5 survivors (5120K)
 Metaspace       used 75233K, committed 76032K, reserved 1114112K
  class space    used 10327K, committed 10752K, reserved 1048576K
}
Event: 3289.643 GC heap before
{Heap before GC invocations=32 (full 4):
 garbage-first heap   total 89088K, used 49357K [0x0000000084400000, 0x0000000100000000)
  region size 1024K, 23 young (23552K), 5 survivors (5120K)
 Metaspace       used 75282K, committed 76032K, reserved 1114112K
  class space    used 10330K, committed 10752K, reserved 1048576K
}
Event: 3289.688 GC heap after
{Heap after GC invocations=33 (full 5):
 garbage-first heap   total 89088K, used 27364K [0x0000000084400000, 0x0000000100000000)
  region size 1024K, 0 young (0K), 0 survivors (0K)
 Metaspace       used 75279K, committed 76032K, reserved 1114112K
  class space    used 10330K, committed 10752K, reserved 1048576K
}
Event: 3290.188 GC heap before
{Heap before GC invocations=33 (full 5):
 garbage-first heap   total 89088K, used 73444K [0x0000000084400000, 0x0000000100000000)
  region size 1024K, 46 young (47104K), 0 survivors (0K)
 Metaspace       used 75487K, committed 76224K, reserved 1179648K
  class space    used 10352K, committed 10752K, reserved 1048576K
}
Event: 3290.192 GC heap after
{Heap after GC invocations=34 (full 5):
 garbage-first heap   total 89088K, used 31781K [0x0000000084400000, 0x0000000100000000)
  region size 1024K, 5 young (5120K), 5 survivors (5120K)
 Metaspace       used 75487K, committed 76224K, reserved 1179648K
  class space    used 10352K, committed 10752K, reserved 1048576K
}
Event: 3314.133 GC heap before
{Heap before GC invocations=34 (full 5):
 garbage-first heap   total 89088K, used 50213K [0x0000000084400000, 0x0000000100000000)
  region size 1024K, 24 young (24576K), 5 survivors (5120K)
 Metaspace       used 75562K, committed 76288K, reserved 1179648K
  class space    used 10358K, committed 10752K, reserved 1048576K
}
Event: 3314.182 GC heap after
{Heap after GC invocations=35 (full 6):
 garbage-first heap   total 89088K, used 27484K [0x0000000084400000, 0x0000000100000000)
  region size 1024K, 0 young (0K), 0 survivors (0K)
 Metaspace       used 75560K, committed 76288K, reserved 1179648K
  class space    used 10357K, committed 10752K, reserved 1048576K
}
Event: 4201.780 GC heap before
{Heap before GC invocations=35 (full 6):
 garbage-first heap   total 89088K, used 74588K [0x0000000084400000, 0x0000000100000000)
  region size 1024K, 47 young (48128K), 0 survivors (0K)
 Metaspace       used 75705K, committed 76416K, reserved 1179648K
  class space    used 10377K, committed 10752K, reserved 1048576K
}

