# JRE version: OpenJDK Runtime Environment Temurin-21.0.7+6 (21.0.7+6) (build 21.0.7+6-LTS)
# Java VM: OpenJDK 64-Bit Server VM Temurin-21.0.7+6 (21.0.7+6-LTS, mixed mode, emulated-client, sharing, tiered, compressed oops, compressed class ptrs, g1 gc, windows-amd64)
GC Precious Log:
 CardTable entry size: 512
 Card Set container configuration: InlinePtr #cards 5 size 8 Array Of Cards #cards 12 size 40 Howl #buckets 4 coarsen threshold 1843 Howl Bitmap #cards 512 size 80 coarsen threshold 460 Card regions per heap region 1 cards per card region 2048
 CPUs: 8 total, 8 available
 Memory: 7914M
 Large Page Support: Disabled
 NUMA Support: Disabled
 Compressed Oops: Enabled (32-bit)
 Heap Region Size: 1M
 Heap Min Capacity: 8M
 Heap Initial Capacity: 124M
 Heap Max Capacity: 1980M
 Pre-touch: Disabled
 Parallel Workers: 8
 Concurrent Workers: 2
 Concurrent Refinement Workers: 8
 Periodic GC: Disabled
Heap:
 garbage-first heap   total 89088K, used 61069K [0x0000000084400000, 0x0000000100000000)
  region size 1024K, 28 young (28672K), 4 survivors (4096K)
 Metaspace       used 82375K, committed 83200K, reserved 1179648K
  class space    used 11286K, committed 11648K, reserved 1048576K
GC Heap History (20 events):
Event: 13045.389 GC heap after
{Heap after GC invocations=50 (full 5):
 garbage-first heap   total 89088K, used 35453K [0x0000000084400000, 0x0000000100000000)
  region size 1024K, 1 young (1024K), 1 survivors (1024K)
 Metaspace       used 80922K, committed 81600K, reserved 1179648K
  class space    used 11146K, committed 11456K, reserved 1048576K
}
Event: 13198.960 GC heap before
{Heap before GC invocations=50 (full 5):
 garbage-first heap   total 89088K, used 39549K [0x0000000084400000, 0x0000000100000000)
  region size 1024K, 6 young (6144K), 1 survivors (1024K)
 Metaspace       used 80965K, committed 81728K, reserved 1179648K
  class space    used 11157K, committed 11520K, reserved 1048576K
}
Event: 13199.220 GC heap after
{Heap after GC invocations=51 (full 6):
 garbage-first heap   total 89088K, used 26318K [0x0000000084400000, 0x0000000100000000)
  region size 1024K, 0 young (0K), 0 survivors (0K)
 Metaspace       used 80901K, committed 81728K, reserved 1179648K
  class space    used 11141K, committed 11520K, reserved 1048576K
}
Event: 13200.675 GC heap before
{Heap before GC invocations=51 (full 6):
 garbage-first heap   total 89088K, used 74446K [0x0000000084400000, 0x0000000100000000)
  region size 1024K, 48 young (49152K), 0 survivors (0K)
 Metaspace       used 81155K, committed 81984K, reserved 1179648K
  class space    used 11196K, committed 11584K, reserved 1048576K
}
Event: 13200.686 GC heap after
{Heap after GC invocations=52 (full 6):
 garbage-first heap   total 89088K, used 32005K [0x0000000084400000, 0x0000000100000000)
  region size 1024K, 6 young (6144K), 6 survivors (6144K)
 Metaspace       used 81155K, committed 81984K, reserved 1179648K
  class space    used 11196K, committed 11584K, reserved 1048576K
}
Event: 13404.649 GC heap before
{Heap before GC invocations=53 (full 6):
 garbage-first heap   total 89088K, used 63749K [0x0000000084400000, 0x0000000100000000)
  region size 1024K, 38 young (38912K), 6 survivors (6144K)
 Metaspace       used 81414K, committed 82240K, reserved 1179648K
  class space    used 11220K, committed 11584K, reserved 1048576K
}
Event: 13404.735 GC heap after
{Heap after GC invocations=54 (full 7):
 garbage-first heap   total 89088K, used 31643K [0x0000000084400000, 0x0000000100000000)
  region size 1024K, 0 young (0K), 0 survivors (0K)
 Metaspace       used 81407K, committed 82240K, reserved 1179648K
  class space    used 11218K, committed 11584K, reserved 1048576K
}
Event: 13405.279 GC heap before
{Heap before GC invocations=54 (full 7):
 garbage-first heap   total 89088K, used 75675K [0x0000000084400000, 0x0000000100000000)
  region size 1024K, 44 young (45056K), 0 survivors (0K)
 Metaspace       used 81520K, committed 82304K, reserved 1179648K
  class space    used 11235K, committed 11584K, reserved 1048576K
}
Event: 13405.285 GC heap after
{Heap after GC invocations=55 (full 7):
 garbage-first heap   total 89088K, used 35947K [0x0000000084400000, 0x0000000100000000)
  region size 1024K, 5 young (5120K), 5 survivors (5120K)
 Metaspace       used 81520K, committed 82304K, reserved 1179648K
  class space    used 11235K, committed 11584K, reserved 1048576K
}
Event: 13502.382 GC heap before
{Heap before GC invocations=56 (full 7):
 garbage-first heap   total 89088K, used 62571K [0x0000000084400000, 0x0000000100000000)
  region size 1024K, 32 young (32768K), 5 survivors (5120K)
 Metaspace       used 81672K, committed 82560K, reserved 1179648K
  class space    used 11229K, committed 11648K, reserved 1048576K
}
Event: 13502.442 GC heap after
{Heap after GC invocations=57 (full 8):
 garbage-first heap   total 89088K, used 31738K [0x0000000084400000, 0x0000000100000000)
  region size 1024K, 0 young (0K), 0 survivors (0K)
 Metaspace       used 81662K, committed 82560K, reserved 1179648K
  class space    used 11226K, committed 11648K, reserved 1048576K
}
Event: 13502.895 GC heap before
{Heap before GC invocations=57 (full 8):
 garbage-first heap   total 89088K, used 74746K [0x0000000084400000, 0x0000000100000000)
  region size 1024K, 43 young (44032K), 0 survivors (0K)
 Metaspace       used 81766K, committed 82624K, reserved 1179648K
  class space    used 11243K, committed 11648K, reserved 1048576K
}
Event: 13502.900 GC heap after
{Heap after GC invocations=58 (full 8):
 garbage-first heap   total 89088K, used 36132K [0x0000000084400000, 0x0000000100000000)
  region size 1024K, 5 young (5120K), 5 survivors (5120K)
 Metaspace       used 81766K, committed 82624K, reserved 1179648K
  class space    used 11243K, committed 11648K, reserved 1048576K
}
Event: 13695.665 GC heap before
{Heap before GC invocations=59 (full 8):
 garbage-first heap   total 89088K, used 66852K [0x0000000084400000, 0x0000000100000000)
  region size 1024K, 37 young (37888K), 5 survivors (5120K)
 Metaspace       used 82084K, committed 82944K, reserved 1179648K
  class space    used 11267K, committed 11648K, reserved 1048576K
}
Event: 13695.795 GC heap after
{Heap after GC invocations=60 (full 9):
 garbage-first heap   total 89088K, used 29833K [0x0000000084400000, 0x0000000100000000)
  region size 1024K, 0 young (0K), 0 survivors (0K)
 Metaspace       used 81981K, committed 82944K, reserved 1179648K
  class space    used 11242K, committed 11648K, reserved 1048576K
}
Event: 13696.804 GC heap before
{Heap before GC invocations=60 (full 9):
 garbage-first heap   total 89088K, used 73865K [0x0000000084400000, 0x0000000100000000)
  region size 1024K, 44 young (45056K), 0 survivors (0K)
 Metaspace       used 82106K, committed 82944K, reserved 1179648K
  class space    used 11262K, committed 11648K, reserved 1048576K
}
Event: 13696.810 GC heap after
{Heap after GC invocations=61 (full 9):
 garbage-first heap   total 89088K, used 34222K [0x0000000084400000, 0x0000000100000000)
  region size 1024K, 5 young (5120K), 5 survivors (5120K)
 Metaspace       used 82106K, committed 82944K, reserved 1179648K
  class space    used 11262K, committed 11648K, reserved 1048576K
}
Event: 14014.235 GC heap before
{Heap before GC invocations=62 (full 9):
 garbage-first heap   total 89088K, used 75182K [0x0000000084400000, 0x0000000100000000)
  region size 1024K, 46 young (47104K), 5 survivors (5120K)
 Metaspace       used 82356K, committed 83200K, reserved 1179648K
  class space    used 11282K, committed 11648K, reserved 1048576K
}
Event: 14014.268 GC heap after
{Heap after GC invocations=63 (full 9):
 garbage-first heap   total 89088K, used 36826K [0x0000000084400000, 0x0000000100000000)
  region size 1024K, 4 young (4096K), 4 survivors (4096K)
 Metaspace       used 82356K, committed 83200K, reserved 1179648K
  class space    used 11282K, committed 11648K, reserved 1048576K
}
Event: 14681.238 GC heap before
{Heap before GC invocations=63 (full 9):
 garbage-first heap   total 89088K, used 59354K [0x0000000084400000, 0x0000000100000000)
  region size 1024K, 28 young (28672K), 4 survivors (4096K)
 Metaspace       used 82375K, committed 83200K, reserved 1179648K
  class space    used 11286K, committed 11648K, reserved 1048576K
}

