# JRE version: OpenJDK Runtime Environment Temurin-21.0.7+6 (21.0.7+6) (build 21.0.7+6-LTS)
# Java VM: OpenJDK 64-Bit Server VM Temurin-21.0.7+6 (21.0.7+6-LTS, mixed mode, emulated-client, sharing, tiered, compressed oops, compressed class ptrs, g1 gc, windows-amd64)
GC Precious Log:
 CardTable entry size: 512
 Card Set container configuration: InlinePtr #cards 5 size 8 Array Of Cards #cards 12 size 40 Howl #buckets 4 coarsen threshold 1843 Howl Bitmap #cards 512 size 80 coarsen threshold 460 Card regions per heap region 1 cards per card region 2048
 CPUs: 8 total, 8 available
 Memory: 7914M
 Large Page Support: Disabled
 NUMA Support: Disabled
 Compressed Oops: Enabled (32-bit)
 Heap Region Size: 1M
 Heap Min Capacity: 8M
 Heap Initial Capacity: 124M
 Heap Max Capacity: 1980M
 Pre-touch: Disabled
 Parallel Workers: 8
 Concurrent Workers: 2
 Concurrent Refinement Workers: 8
 Periodic GC: Disabled
Heap:
 garbage-first heap   total 107520K, used 76797K [0x0000000084400000, 0x0000000100000000)
  region size 1024K, 39 young (39936K), 5 survivors (5120K)
 Metaspace       used 84298K, committed 85504K, reserved 1179648K
  class space    used 11570K, committed 12096K, reserved 1048576K
GC Heap History (20 events):
Event: 362963.374 GC heap after
{Heap after GC invocations=193 (full 8):
 garbage-first heap   total 107520K, used 40613K [0x0000000084400000, 0x0000000100000000)
  region size 1024K, 1 young (1024K), 1 survivors (1024K)
 Metaspace       used 83298K, committed 84480K, reserved 1179648K
  class space    used 11473K, committed 11968K, reserved 1048576K
}
Event: 367203.896 GC heap before
{Heap before GC invocations=193 (full 8):
 garbage-first heap   total 107520K, used 100005K [0x0000000084400000, 0x0000000100000000)
  region size 1024K, 59 young (60416K), 1 survivors (1024K)
 Metaspace       used 83341K, committed 84480K, reserved 1179648K
  class space    used 11480K, committed 11968K, reserved 1048576K
}
Event: 367203.988 GC heap after
{Heap after GC invocations=194 (full 8):
 garbage-first heap   total 107520K, used 40801K [0x0000000084400000, 0x0000000100000000)
  region size 1024K, 2 young (2048K), 2 survivors (2048K)
 Metaspace       used 83341K, committed 84480K, reserved 1179648K
  class space    used 11480K, committed 11968K, reserved 1048576K
}
Event: 367815.108 GC heap before
{Heap before GC invocations=195 (full 8):
 garbage-first heap   total 107520K, used 98145K [0x0000000084400000, 0x0000000100000000)
  region size 1024K, 58 young (59392K), 2 survivors (2048K)
 Metaspace       used 83341K, committed 84480K, reserved 1179648K
  class space    used 11480K, committed 11968K, reserved 1048576K
}
Event: 367815.118 GC heap after
{Heap after GC invocations=196 (full 8):
 garbage-first heap   total 107520K, used 40649K [0x0000000084400000, 0x0000000100000000)
  region size 1024K, 1 young (1024K), 1 survivors (1024K)
 Metaspace       used 83341K, committed 84480K, reserved 1179648K
  class space    used 11480K, committed 11968K, reserved 1048576K
}
Event: 367871.720 GC heap before
{Heap before GC invocations=196 (full 8):
 garbage-first heap   total 107520K, used 47817K [0x0000000084400000, 0x0000000100000000)
  region size 1024K, 9 young (9216K), 1 survivors (1024K)
 Metaspace       used 83352K, committed 84480K, reserved 1179648K
  class space    used 11482K, committed 11968K, reserved 1048576K
}
Event: 367871.828 GC heap after
{Heap after GC invocations=197 (full 9):
 garbage-first heap   total 107520K, used 34024K [0x0000000084400000, 0x0000000100000000)
  region size 1024K, 0 young (0K), 0 survivors (0K)
 Metaspace       used 83231K, committed 84480K, reserved 1179648K
  class space    used 11460K, committed 11968K, reserved 1048576K
}
Event: 367873.710 GC heap before
{Heap before GC invocations=197 (full 9):
 garbage-first heap   total 107520K, used 74984K [0x0000000084400000, 0x0000000100000000)
  region size 1024K, 42 young (43008K), 0 survivors (0K)
 Metaspace       used 83440K, committed 84480K, reserved 1179648K
  class space    used 11507K, committed 11968K, reserved 1048576K
}
Event: 367873.716 GC heap after
{Heap after GC invocations=198 (full 9):
 garbage-first heap   total 107520K, used 39125K [0x0000000084400000, 0x0000000100000000)
  region size 1024K, 5 young (5120K), 5 survivors (5120K)
 Metaspace       used 83440K, committed 84480K, reserved 1179648K
  class space    used 11507K, committed 11968K, reserved 1048576K
}
Event: 368108.305 GC heap before
{Heap before GC invocations=199 (full 9):
 garbage-first heap   total 107520K, used 93397K [0x0000000084400000, 0x0000000100000000)
  region size 1024K, 58 young (59392K), 5 survivors (5120K)
 Metaspace       used 83780K, committed 84928K, reserved 1179648K
  class space    used 11547K, committed 12032K, reserved 1048576K
}
Event: 368108.325 GC heap after
{Heap after GC invocations=200 (full 9):
 garbage-first heap   total 107520K, used 42574K [0x0000000084400000, 0x0000000100000000)
  region size 1024K, 5 young (5120K), 5 survivors (5120K)
 Metaspace       used 83780K, committed 84928K, reserved 1179648K
  class space    used 11547K, committed 12032K, reserved 1048576K
}
Event: 368458.852 GC heap before
{Heap before GC invocations=200 (full 9):
 garbage-first heap   total 107520K, used 74318K [0x0000000084400000, 0x0000000100000000)
  region size 1024K, 37 young (37888K), 5 survivors (5120K)
 Metaspace       used 83785K, committed 84928K, reserved 1179648K
  class space    used 11548K, committed 12032K, reserved 1048576K
}
Event: 368458.972 GC heap after
{Heap after GC invocations=201 (full 10):
 garbage-first heap   total 107520K, used 33502K [0x0000000084400000, 0x0000000100000000)
  region size 1024K, 0 young (0K), 0 survivors (0K)
 Metaspace       used 83566K, committed 84928K, reserved 1179648K
  class space    used 11491K, committed 12032K, reserved 1048576K
}
Event: 368460.920 GC heap before
{Heap before GC invocations=201 (full 10):
 garbage-first heap   total 107520K, used 93918K [0x0000000084400000, 0x0000000100000000)
  region size 1024K, 59 young (60416K), 0 survivors (0K)
 Metaspace       used 84017K, committed 85184K, reserved 1179648K
  class space    used 11561K, committed 12096K, reserved 1048576K
}
Event: 368460.932 GC heap after
{Heap after GC invocations=202 (full 10):
 garbage-first heap   total 107520K, used 40868K [0x0000000084400000, 0x0000000100000000)
  region size 1024K, 8 young (8192K), 8 survivors (8192K)
 Metaspace       used 84017K, committed 85184K, reserved 1179648K
  class space    used 11561K, committed 12096K, reserved 1048576K
}
Event: 368528.416 GC heap before
{Heap before GC invocations=203 (full 10):
 garbage-first heap   total 107520K, used 62372K [0x0000000084400000, 0x0000000100000000)
  region size 1024K, 30 young (30720K), 8 survivors (8192K)
 Metaspace       used 84124K, committed 85248K, reserved 1179648K
  class space    used 11580K, committed 12096K, reserved 1048576K
}
Event: 368528.484 GC heap after
{Heap after GC invocations=204 (full 11):
 garbage-first heap   total 107520K, used 36864K [0x0000000084400000, 0x0000000100000000)
  region size 1024K, 0 young (0K), 0 survivors (0K)
 Metaspace       used 84055K, committed 85248K, reserved 1179648K
  class space    used 11563K, committed 12096K, reserved 1048576K
}
Event: 368529.317 GC heap before
{Heap before GC invocations=204 (full 11):
 garbage-first heap   total 107520K, used 91136K [0x0000000084400000, 0x0000000100000000)
  region size 1024K, 54 young (55296K), 0 survivors (0K)
 Metaspace       used 84355K, committed 85504K, reserved 1179648K
  class space    used 11593K, committed 12096K, reserved 1048576K
}
Event: 368529.321 GC heap after
{Heap after GC invocations=205 (full 11):
 garbage-first heap   total 107520K, used 41984K [0x0000000084400000, 0x0000000100000000)
  region size 1024K, 5 young (5120K), 5 survivors (5120K)
 Metaspace       used 84355K, committed 85504K, reserved 1179648K
  class space    used 11593K, committed 12096K, reserved 1048576K
}
Event: 368756.007 GC heap before
{Heap before GC invocations=206 (full 11):
 garbage-first heap   total 107520K, used 75776K [0x0000000084400000, 0x0000000100000000)
  region size 1024K, 39 young (39936K), 5 survivors (5120K)
 Metaspace       used 84298K, committed 85504K, reserved 1179648K
  class space    used 11570K, committed 12096K, reserved 1048576K
}

