# JRE version: OpenJDK Runtime Environment Temurin-21.0.7+6 (21.0.7+6) (build 21.0.7+6-LTS)
# Java VM: OpenJDK 64-Bit Server VM Temurin-21.0.7+6 (21.0.7+6-LTS, mixed mode, emulated-client, sharing, tiered, compressed oops, compressed class ptrs, g1 gc, windows-amd64)
GC Precious Log:
 CardTable entry size: 512
 Card Set container configuration: InlinePtr #cards 5 size 8 Array Of Cards #cards 12 size 40 Howl #buckets 4 coarsen threshold 1843 Howl Bitmap #cards 512 size 80 coarsen threshold 460 Card regions per heap region 1 cards per card region 2048
 CPUs: 8 total, 8 available
 Memory: 7914M
 Large Page Support: Disabled
 NUMA Support: Disabled
 Compressed Oops: Enabled (32-bit)
 Heap Region Size: 1M
 Heap Min Capacity: 8M
 Heap Initial Capacity: 124M
 Heap Max Capacity: 1980M
 Pre-touch: Disabled
 Parallel Workers: 8
 Concurrent Workers: 2
 Concurrent Refinement Workers: 8
 Periodic GC: Disabled
Heap:
 garbage-first heap   total 106496K, used 75714K [0x0000000084400000, 0x0000000100000000)
  region size 1024K, 34 young (34816K), 6 survivors (6144K)
 Metaspace       used 86763K, committed 88000K, reserved 1179648K
  class space    used 11739K, committed 12288K, reserved 1048576K
GC Heap History (20 events):
Event: 5572.106 GC heap after
{Heap after GC invocations=94 (full 29):
 garbage-first heap   total 106496K, used 46368K [0x0000000084400000, 0x0000000100000000)
  region size 1024K, 5 young (5120K), 5 survivors (5120K)
 Metaspace       used 85969K, committed 87552K, reserved 1179648K
  class space    used 11621K, committed 12288K, reserved 1048576K
}
Event: 5579.748 GC heap before
{Heap before GC invocations=94 (full 29):
 garbage-first heap   total 106496K, used 64800K [0x0000000084400000, 0x0000000100000000)
  region size 1024K, 24 young (24576K), 5 survivors (5120K)
 Metaspace       used 86045K, committed 87552K, reserved 1179648K
  class space    used 11628K, committed 12288K, reserved 1048576K
}
Event: 5579.822 GC heap after
{Heap after GC invocations=95 (full 30):
 garbage-first heap   total 106496K, used 41775K [0x0000000084400000, 0x0000000100000000)
  region size 1024K, 0 young (0K), 0 survivors (0K)
 Metaspace       used 85702K, committed 87424K, reserved 1179648K
  class space    used 11594K, committed 12288K, reserved 1048576K
}
Event: 5580.503 GC heap before
{Heap before GC invocations=95 (full 30):
 garbage-first heap   total 106496K, used 90927K [0x0000000084400000, 0x0000000100000000)
  region size 1024K, 49 young (50176K), 0 survivors (0K)
 Metaspace       used 85925K, committed 87424K, reserved 1179648K
  class space    used 11615K, committed 12288K, reserved 1048576K
}
Event: 5580.507 GC heap after
{Heap after GC invocations=96 (full 30):
 garbage-first heap   total 106496K, used 46421K [0x0000000084400000, 0x0000000100000000)
  region size 1024K, 5 young (5120K), 5 survivors (5120K)
 Metaspace       used 85925K, committed 87424K, reserved 1179648K
  class space    used 11615K, committed 12288K, reserved 1048576K
}
Event: 5690.554 GC heap before
{Heap before GC invocations=96 (full 30):
 garbage-first heap   total 106496K, used 78165K [0x0000000084400000, 0x0000000100000000)
  region size 1024K, 38 young (38912K), 5 survivors (5120K)
 Metaspace       used 86153K, committed 87552K, reserved 1179648K
  class space    used 11645K, committed 12288K, reserved 1048576K
}
Event: 5690.662 GC heap after
{Heap after GC invocations=97 (full 31):
 garbage-first heap   total 106496K, used 43324K [0x0000000084400000, 0x0000000100000000)
  region size 1024K, 0 young (0K), 0 survivors (0K)
 Metaspace       used 86150K, committed 87552K, reserved 1179648K
  class space    used 11645K, committed 12288K, reserved 1048576K
}
Event: 5691.124 GC heap before
{Heap before GC invocations=97 (full 31):
 garbage-first heap   total 106496K, used 91452K [0x0000000084400000, 0x0000000100000000)
  region size 1024K, 48 young (49152K), 0 survivors (0K)
 Metaspace       used 86360K, committed 87616K, reserved 1179648K
  class space    used 11666K, committed 12288K, reserved 1048576K
}
Event: 5691.128 GC heap after
{Heap after GC invocations=98 (full 31):
 garbage-first heap   total 106496K, used 47963K [0x0000000084400000, 0x0000000100000000)
  region size 1024K, 5 young (5120K), 5 survivors (5120K)
 Metaspace       used 86360K, committed 87616K, reserved 1179648K
  class space    used 11666K, committed 12288K, reserved 1048576K
}
Event: 5692.698 GC heap before
{Heap before GC invocations=98 (full 31):
 garbage-first heap   total 106496K, used 67419K [0x0000000084400000, 0x0000000100000000)
  region size 1024K, 25 young (25600K), 5 survivors (5120K)
 Metaspace       used 86480K, committed 87744K, reserved 1179648K
  class space    used 11676K, committed 12288K, reserved 1048576K
}
Event: 5692.782 GC heap after
{Heap after GC invocations=99 (full 32):
 garbage-first heap   total 106496K, used 44221K [0x0000000084400000, 0x0000000100000000)
  region size 1024K, 0 young (0K), 0 survivors (0K)
 Metaspace       used 86124K, committed 87616K, reserved 1179648K
  class space    used 11639K, committed 12288K, reserved 1048576K
}
Event: 5693.628 GC heap before
{Heap before GC invocations=99 (full 32):
 garbage-first heap   total 106496K, used 93373K [0x0000000084400000, 0x0000000100000000)
  region size 1024K, 48 young (49152K), 0 survivors (0K)
 Metaspace       used 86351K, committed 87616K, reserved 1179648K
  class space    used 11661K, committed 12288K, reserved 1048576K
}
Event: 5693.632 GC heap after
{Heap after GC invocations=100 (full 32):
 garbage-first heap   total 106496K, used 48839K [0x0000000084400000, 0x0000000100000000)
  region size 1024K, 5 young (5120K), 5 survivors (5120K)
 Metaspace       used 86351K, committed 87616K, reserved 1179648K
  class space    used 11661K, committed 12288K, reserved 1048576K
}
Event: 5939.686 GC heap before
{Heap before GC invocations=100 (full 32):
 garbage-first heap   total 106496K, used 91847K [0x0000000084400000, 0x0000000100000000)
  region size 1024K, 48 young (49152K), 5 survivors (5120K)
 Metaspace       used 86629K, committed 87872K, reserved 1179648K
  class space    used 11705K, committed 12288K, reserved 1048576K
}
Event: 5939.728 GC heap after
{Heap after GC invocations=101 (full 32):
 garbage-first heap   total 106496K, used 51308K [0x0000000084400000, 0x0000000100000000)
  region size 1024K, 4 young (4096K), 4 survivors (4096K)
 Metaspace       used 86629K, committed 87872K, reserved 1179648K
  class space    used 11705K, committed 12288K, reserved 1048576K
}
Event: 6222.230 GC heap before
{Heap before GC invocations=101 (full 32):
 garbage-first heap   total 106496K, used 63596K [0x0000000084400000, 0x0000000100000000)
  region size 1024K, 18 young (18432K), 4 survivors (4096K)
 Metaspace       used 86632K, committed 87872K, reserved 1179648K
  class space    used 11705K, committed 12288K, reserved 1048576K
}
Event: 6222.648 GC heap after
{Heap after GC invocations=102 (full 33):
 garbage-first heap   total 106496K, used 41479K [0x0000000084400000, 0x0000000100000000)
  region size 1024K, 0 young (0K), 0 survivors (0K)
 Metaspace       used 86242K, committed 87680K, reserved 1179648K
  class space    used 11660K, committed 12288K, reserved 1048576K
}
Event: 6224.226 GC heap before
{Heap before GC invocations=102 (full 33):
 garbage-first heap   total 106496K, used 89607K [0x0000000084400000, 0x0000000100000000)
  region size 1024K, 48 young (49152K), 0 survivors (0K)
 Metaspace       used 86486K, committed 87744K, reserved 1179648K
  class space    used 11711K, committed 12288K, reserved 1048576K
}
Event: 6224.235 GC heap after
{Heap after GC invocations=103 (full 33):
 garbage-first heap   total 106496K, used 47601K [0x0000000084400000, 0x0000000100000000)
  region size 1024K, 6 young (6144K), 6 survivors (6144K)
 Metaspace       used 86486K, committed 87744K, reserved 1179648K
  class space    used 11711K, committed 12288K, reserved 1048576K
}
Event: 6302.187 GC heap before
{Heap before GC invocations=103 (full 33):
 garbage-first heap   total 106496K, used 75249K [0x0000000084400000, 0x0000000100000000)
  region size 1024K, 34 young (34816K), 6 survivors (6144K)
 Metaspace       used 86763K, committed 88000K, reserved 1179648K
  class space    used 11739K, committed 12288K, reserved 1048576K
}

